2022-09-18 23:12:26.257 [33mWARN [m[main] [36mcom.alibaba.cloud.nacos.client.NacosPropertySourceBuilder[m : Ignore the empty nacos configuration and get it based on dataId[mall-admin] & group[DEFAULT_GROUP]
2022-09-18 23:12:26.265 [33mWARN [m[main] [36mcom.alibaba.cloud.nacos.client.NacosPropertySourceBuilder[m : Ignore the empty nacos configuration and get it based on dataId[mall-admin.yaml] & group[DEFAULT_GROUP]
2022-09-18 23:12:26.270 [33mWARN [m[main] [36mcom.alibaba.cloud.nacos.client.NacosPropertySourceBuilder[m : Ignore the empty nacos configuration and get it based on dataId[mall-admin-dev.yaml] & group[DEFAULT_GROUP]
2022-09-18 23:12:29.150 [33mWARN [m[main] [36morg.springframework.boot.autoconfigure.orm.jpa.JpaBaseConfiguration$JpaWebConfiguration[m : spring.jpa.open-in-view is enabled by default. Therefore, database queries may be performed during view rendering. Explicitly configure spring.jpa.open-in-view to disable this warning
2022-09-18 23:12:29.715 [33mWARN [m[main] [36morg.springframework.cloud.loadbalancer.config.LoadBalancerCacheAutoConfiguration$LoadBalancerCaffeineWarnLogger[m : Spring Cloud LoadBalancer is currently working with the default cache. While this cache implementation is useful for development and tests, it's recommended to use Caffeine cache in production.You can switch to using Caffeine cache, by adding it and org.springframework.cache.caffeine.CaffeineCacheManager to the classpath.
2022-09-18 23:12:50.776 [33mWARN [m[Thread-4] [36mcom.alibaba.nacos.common.http.HttpClientBeanHolder[m : [HttpClientBeanHolder] Start destroying common HttpClient
2022-09-18 23:12:50.776 [33mWARN [m[Thread-8] [36mcom.alibaba.nacos.common.notify.NotifyCenter[m : [NotifyCenter] Start destroying Publisher
2022-09-18 23:12:50.777 [33mWARN [m[Thread-8] [36mcom.alibaba.nacos.common.notify.NotifyCenter[m : [NotifyCenter] Destruction of the end
2022-09-18 23:12:50.777 [33mWARN [m[Thread-4] [36mcom.alibaba.nacos.common.http.HttpClientBeanHolder[m : [HttpClientBeanHolder] Destruction of the end
2022-09-18 23:12:51.104 [33mWARN [m[SpringApplicationShutdownHook] [36mcom.alibaba.nacos.client.naming[m : [NamingHttpClientManager] Start destroying NacosRestTemplate
2022-09-18 23:12:51.104 [33mWARN [m[SpringApplicationShutdownHook] [36mcom.alibaba.nacos.client.naming[m : [NamingHttpClientManager] Destruction of the end
2022-09-18 23:12:51.105 [33mWARN [m[SpringApplicationShutdownHook] [36mcom.alibaba.nacos.client.naming[m : [NamingHttpClientManager] Start destroying NacosRestTemplate
2022-09-18 23:12:51.105 [33mWARN [m[SpringApplicationShutdownHook] [36mcom.alibaba.nacos.client.naming[m : [NamingHttpClientManager] Destruction of the end
2022-09-18 23:12:55.850 [33mWARN [m[main] [36mcom.alibaba.cloud.nacos.client.NacosPropertySourceBuilder[m : Ignore the empty nacos configuration and get it based on dataId[mall-admin] & group[DEFAULT_GROUP]
2022-09-18 23:12:55.856 [33mWARN [m[main] [36mcom.alibaba.cloud.nacos.client.NacosPropertySourceBuilder[m : Ignore the empty nacos configuration and get it based on dataId[mall-admin.yaml] & group[DEFAULT_GROUP]
2022-09-18 23:12:55.861 [33mWARN [m[main] [36mcom.alibaba.cloud.nacos.client.NacosPropertySourceBuilder[m : Ignore the empty nacos configuration and get it based on dataId[mall-admin-dev.yaml] & group[DEFAULT_GROUP]
2022-09-18 23:12:59.424 [33mWARN [m[main] [36morg.springframework.boot.autoconfigure.orm.jpa.JpaBaseConfiguration$JpaWebConfiguration[m : spring.jpa.open-in-view is enabled by default. Therefore, database queries may be performed during view rendering. Explicitly configure spring.jpa.open-in-view to disable this warning
2022-09-18 23:13:00.041 [33mWARN [m[main] [36morg.springframework.cloud.loadbalancer.config.LoadBalancerCacheAutoConfiguration$LoadBalancerCaffeineWarnLogger[m : Spring Cloud LoadBalancer is currently working with the default cache. While this cache implementation is useful for development and tests, it's recommended to use Caffeine cache in production.You can switch to using Caffeine cache, by adding it and org.springframework.cache.caffeine.CaffeineCacheManager to the classpath.
2022-09-18 23:18:38.097 [33mWARN [m[Thread-2] [36mcom.alibaba.nacos.common.http.HttpClientBeanHolder[m : [HttpClientBeanHolder] Start destroying common HttpClient
2022-09-18 23:18:38.097 [33mWARN [m[Thread-8] [36mcom.alibaba.nacos.common.notify.NotifyCenter[m : [NotifyCenter] Start destroying Publisher
2022-09-18 23:18:38.097 [33mWARN [m[Thread-8] [36mcom.alibaba.nacos.common.notify.NotifyCenter[m : [NotifyCenter] Destruction of the end
2022-09-18 23:18:38.098 [33mWARN [m[Thread-2] [36mcom.alibaba.nacos.common.http.HttpClientBeanHolder[m : [HttpClientBeanHolder] Destruction of the end
2022-09-18 23:18:38.425 [33mWARN [m[SpringApplicationShutdownHook] [36mcom.alibaba.nacos.client.naming[m : [NamingHttpClientManager] Start destroying NacosRestTemplate
2022-09-18 23:18:38.425 [33mWARN [m[SpringApplicationShutdownHook] [36mcom.alibaba.nacos.client.naming[m : [NamingHttpClientManager] Destruction of the end
2022-09-18 23:18:38.425 [33mWARN [m[SpringApplicationShutdownHook] [36mcom.alibaba.nacos.client.naming[m : [NamingHttpClientManager] Start destroying NacosRestTemplate
2022-09-18 23:18:38.425 [33mWARN [m[SpringApplicationShutdownHook] [36mcom.alibaba.nacos.client.naming[m : [NamingHttpClientManager] Destruction of the end
2022-09-18 23:18:57.689 [33mWARN [m[main] [36mcom.alibaba.cloud.nacos.client.NacosPropertySourceBuilder[m : Ignore the empty nacos configuration and get it based on dataId[mall-admin] & group[DEFAULT_GROUP]
2022-09-18 23:18:57.695 [33mWARN [m[main] [36mcom.alibaba.cloud.nacos.client.NacosPropertySourceBuilder[m : Ignore the empty nacos configuration and get it based on dataId[mall-admin.yaml] & group[DEFAULT_GROUP]
2022-09-18 23:18:57.699 [33mWARN [m[main] [36mcom.alibaba.cloud.nacos.client.NacosPropertySourceBuilder[m : Ignore the empty nacos configuration and get it based on dataId[mall-admin-dev.yaml] & group[DEFAULT_GROUP]
2022-09-18 23:19:00.606 [33mWARN [m[main] [36morg.springframework.boot.autoconfigure.orm.jpa.JpaBaseConfiguration$JpaWebConfiguration[m : spring.jpa.open-in-view is enabled by default. Therefore, database queries may be performed during view rendering. Explicitly configure spring.jpa.open-in-view to disable this warning
2022-09-18 23:19:01.155 [33mWARN [m[main] [36morg.springframework.cloud.loadbalancer.config.LoadBalancerCacheAutoConfiguration$LoadBalancerCaffeineWarnLogger[m : Spring Cloud LoadBalancer is currently working with the default cache. While this cache implementation is useful for development and tests, it's recommended to use Caffeine cache in production.You can switch to using Caffeine cache, by adding it and org.springframework.cache.caffeine.CaffeineCacheManager to the classpath.
2022-09-18 23:19:30.706 [33mWARN [m[Thread-8] [36mcom.alibaba.nacos.common.notify.NotifyCenter[m : [NotifyCenter] Start destroying Publisher
2022-09-18 23:19:30.706 [33mWARN [m[Thread-8] [36mcom.alibaba.nacos.common.notify.NotifyCenter[m : [NotifyCenter] Destruction of the end
2022-09-18 23:19:30.706 [33mWARN [m[Thread-3] [36mcom.alibaba.nacos.common.http.HttpClientBeanHolder[m : [HttpClientBeanHolder] Start destroying common HttpClient
2022-09-18 23:19:30.707 [33mWARN [m[Thread-3] [36mcom.alibaba.nacos.common.http.HttpClientBeanHolder[m : [HttpClientBeanHolder] Destruction of the end
2022-09-18 23:19:31.035 [33mWARN [m[SpringApplicationShutdownHook] [36mcom.alibaba.nacos.client.naming[m : [NamingHttpClientManager] Start destroying NacosRestTemplate
2022-09-18 23:19:31.035 [33mWARN [m[SpringApplicationShutdownHook] [36mcom.alibaba.nacos.client.naming[m : [NamingHttpClientManager] Destruction of the end
2022-09-18 23:19:31.035 [33mWARN [m[SpringApplicationShutdownHook] [36mcom.alibaba.nacos.client.naming[m : [NamingHttpClientManager] Start destroying NacosRestTemplate
2022-09-18 23:19:31.035 [33mWARN [m[SpringApplicationShutdownHook] [36mcom.alibaba.nacos.client.naming[m : [NamingHttpClientManager] Destruction of the end
2022-09-18 23:19:37.292 [33mWARN [m[main] [36mcom.alibaba.cloud.nacos.client.NacosPropertySourceBuilder[m : Ignore the empty nacos configuration and get it based on dataId[mall-admin] & group[DEFAULT_GROUP]
2022-09-18 23:19:37.302 [33mWARN [m[main] [36mcom.alibaba.cloud.nacos.client.NacosPropertySourceBuilder[m : Ignore the empty nacos configuration and get it based on dataId[mall-admin.yaml] & group[DEFAULT_GROUP]
2022-09-18 23:19:37.309 [33mWARN [m[main] [36mcom.alibaba.cloud.nacos.client.NacosPropertySourceBuilder[m : Ignore the empty nacos configuration and get it based on dataId[mall-admin-dev.yaml] & group[DEFAULT_GROUP]
2022-09-18 23:19:40.246 [33mWARN [m[main] [36morg.springframework.boot.autoconfigure.orm.jpa.JpaBaseConfiguration$JpaWebConfiguration[m : spring.jpa.open-in-view is enabled by default. Therefore, database queries may be performed during view rendering. Explicitly configure spring.jpa.open-in-view to disable this warning
2022-09-18 23:19:40.812 [33mWARN [m[main] [36morg.springframework.cloud.loadbalancer.config.LoadBalancerCacheAutoConfiguration$LoadBalancerCaffeineWarnLogger[m : Spring Cloud LoadBalancer is currently working with the default cache. While this cache implementation is useful for development and tests, it's recommended to use Caffeine cache in production.You can switch to using Caffeine cache, by adding it and org.springframework.cache.caffeine.CaffeineCacheManager to the classpath.
2022-09-18 23:40:03.081 [33mWARN [m[Thread-8] [36mcom.alibaba.nacos.common.notify.NotifyCenter[m : [NotifyCenter] Start destroying Publisher
2022-09-18 23:40:03.081 [33mWARN [m[Thread-3] [36mcom.alibaba.nacos.common.http.HttpClientBeanHolder[m : [HttpClientBeanHolder] Start destroying common HttpClient
2022-09-18 23:40:03.081 [33mWARN [m[Thread-8] [36mcom.alibaba.nacos.common.notify.NotifyCenter[m : [NotifyCenter] Destruction of the end
2022-09-18 23:40:03.081 [33mWARN [m[Thread-3] [36mcom.alibaba.nacos.common.http.HttpClientBeanHolder[m : [HttpClientBeanHolder] Destruction of the end
2022-09-18 23:40:03.405 [33mWARN [m[SpringApplicationShutdownHook] [36mcom.alibaba.nacos.client.naming[m : [NamingHttpClientManager] Start destroying NacosRestTemplate
2022-09-18 23:40:03.405 [33mWARN [m[SpringApplicationShutdownHook] [36mcom.alibaba.nacos.client.naming[m : [NamingHttpClientManager] Destruction of the end
2022-09-18 23:40:03.406 [33mWARN [m[SpringApplicationShutdownHook] [36mcom.alibaba.nacos.client.naming[m : [NamingHttpClientManager] Start destroying NacosRestTemplate
2022-09-18 23:40:03.406 [33mWARN [m[SpringApplicationShutdownHook] [36mcom.alibaba.nacos.client.naming[m : [NamingHttpClientManager] Destruction of the end
2022-09-18 23:40:41.020 [33mWARN [m[main] [36mcom.alibaba.cloud.nacos.client.NacosPropertySourceBuilder[m : Ignore the empty nacos configuration and get it based on dataId[mall-admin] & group[DEFAULT_GROUP]
2022-09-18 23:40:41.025 [33mWARN [m[main] [36mcom.alibaba.cloud.nacos.client.NacosPropertySourceBuilder[m : Ignore the empty nacos configuration and get it based on dataId[mall-admin.yaml] & group[DEFAULT_GROUP]
2022-09-18 23:40:41.029 [33mWARN [m[main] [36mcom.alibaba.cloud.nacos.client.NacosPropertySourceBuilder[m : Ignore the empty nacos configuration and get it based on dataId[mall-admin-dev.yaml] & group[DEFAULT_GROUP]
2022-09-18 23:40:43.733 [33mWARN [m[main] [36morg.springframework.boot.autoconfigure.orm.jpa.JpaBaseConfiguration$JpaWebConfiguration[m : spring.jpa.open-in-view is enabled by default. Therefore, database queries may be performed during view rendering. Explicitly configure spring.jpa.open-in-view to disable this warning
2022-09-18 23:40:44.232 [33mWARN [m[main] [36morg.springframework.cloud.loadbalancer.config.LoadBalancerCacheAutoConfiguration$LoadBalancerCaffeineWarnLogger[m : Spring Cloud LoadBalancer is currently working with the default cache. While this cache implementation is useful for development and tests, it's recommended to use Caffeine cache in production.You can switch to using Caffeine cache, by adding it and org.springframework.cache.caffeine.CaffeineCacheManager to the classpath.
